<<<<<<< HEAD
2025-04-28 18:42:08,043 - INFO - 数据库初始化成功
2025-04-28 18:42:08,403 - INFO - 成功加载审核问题
2025-04-28 18:42:11,400 - INFO - 数据库初始化成功
2025-04-28 18:42:11,440 - INFO - 成功加载审核问题
2025-04-28 18:42:11,484 - INFO - 数据库初始化成功
2025-04-28 18:42:11,525 - INFO - 成功加载审核问题
2025-04-28 18:42:14,099 - INFO - 数据库初始化成功
2025-04-28 18:42:14,140 - INFO - 成功加载审核问题
=======
2025-04-28 18:20:00,664 - INFO - 数据库初始化成功
2025-04-28 18:20:01,122 - INFO - 成功加载审核问题
2025-04-28 18:20:01,454 - INFO - 数据库初始化成功
2025-04-28 18:20:01,520 - INFO - 成功加载审核问题
2025-04-28 18:20:07,264 - INFO - 数据库初始化成功
2025-04-28 18:20:07,432 - INFO - 成功加载审核问题
2025-04-28 18:20:07,518 - INFO - 数据库初始化成功
2025-04-28 18:20:07,621 - INFO - 成功加载审核问题
2025-04-28 18:20:11,435 - INFO - 数据库初始化成功
2025-04-28 18:20:11,538 - INFO - 成功加载审核问题
2025-04-28 18:20:12,568 - ERROR - 添加雷达图到PDF失败: 
Image export using the "kaleido" engine requires the kaleido package,
which can be installed using pip:
    $ pip install -U kaleido

>>>>>>> 1c8c0bf738adc39efec0aacf6726f5e2ec601a2f
